Release 14.7 - xst P.20131013 (nt64)
Copyright (c) 1995-2013 Xilinx, Inc.  All rights reserved.
--> Parameter TMPDIR set to xst/projnav.tmp


Total REAL time to Xst completion: 0.00 secs
Total CPU time to Xst completion: 0.22 secs
 
--> Parameter xsthdpdir set to xst


Total REAL time to Xst completion: 0.00 secs
Total CPU time to Xst completion: 0.22 secs
 
--> Reading design: IP2SOC_Top.prj

TABLE OF CONTENTS
  1) Synthesis Options Summary
  2) HDL Parsing
  3) HDL Elaboration
  4) HDL Synthesis
       4.1) HDL Synthesis Report
  5) Advanced HDL Synthesis
       5.1) Advanced HDL Synthesis Report
  6) Low Level Synthesis
  7) Partition Report
  8) Design Summary
       8.1) Primitive and Black Box Usage
       8.2) Device utilization summary
       8.3) Partition Resource Summary
       8.4) Timing Report
            8.4.1) Clock Information
            8.4.2) Asynchronous Control Signals Information
            8.4.3) Timing Summary
            8.4.4) Timing Details
            8.4.5) Cross Clock Domains Report


=========================================================================
*                      Synthesis Options Summary                        *
=========================================================================
---- Source Parameters
Input File Name                    : "IP2SOC_Top.prj"
Ignore Synthesis Constraint File   : NO

---- Target Parameters
Output File Name                   : "IP2SOC_Top"
Output Format                      : NGC
Target Device                      : xc7k160t-2L-ffg676

---- Source Options
Top Module Name                    : IP2SOC_Top
Automatic FSM Extraction           : YES
FSM Encoding Algorithm             : Auto
Safe Implementation                : No
FSM Style                          : LUT
RAM Extraction                     : Yes
RAM Style                          : Auto
ROM Extraction                     : Yes
Shift Register Extraction          : YES
ROM Style                          : Auto
Resource Sharing                   : YES
Asynchronous To Synchronous        : NO
Shift Register Minimum Size        : 2
Use DSP Block                      : Auto
Automatic Register Balancing       : No

---- Target Options
LUT Combining                      : Auto
Reduce Control Sets                : Auto
Add IO Buffers                     : YES
Global Maximum Fanout              : 100000
Add Generic Clock Buffer(BUFG)     : 32
Register Duplication               : YES
Optimize Instantiated Primitives   : NO
Use Clock Enable                   : Auto
Use Synchronous Set                : Auto
Use Synchronous Reset              : Auto
Pack IO Registers into IOBs        : Auto
Equivalent register Removal        : YES

---- General Options
Optimization Goal                  : Speed
Optimization Effort                : 1
Power Reduction                    : NO
Keep Hierarchy                     : No
Netlist Hierarchy                  : As_Optimized
RTL Output                         : Yes
Global Optimization                : AllClockNets
Read Cores                         : YES
Write Timing Constraints           : NO
Cross Clock Analysis               : NO
Hierarchy Separator                : /
Bus Delimiter                      : <>
Case Specifier                     : Maintain
Slice Utilization Ratio            : 100
BRAM Utilization Ratio             : 100
DSP48 Utilization Ratio            : 100
Auto BRAM Packing                  : NO
Slice Utilization Ratio Delta      : 5

---- Other Options
Cores Search Directories           : {"ipcore_dir"  }

=========================================================================


=========================================================================
*                          HDL Parsing                                  *
=========================================================================
Analyzing Verilog file "\\vmware-host\shared folders\Share\PPCPU_Final\shift.v" into library work
Parsing module <shift>.
Analyzing Verilog file "\\vmware-host\shared folders\Share\PPCPU_Final\RF.v" into library work
Parsing module <RF>.
Analyzing Verilog file "\\vmware-host\shared folders\Share\PPCPU_Final\mux4.v" into library work
Parsing module <mux4>.
Analyzing Verilog file "\\vmware-host\shared folders\Share\PPCPU_Final\mux3.v" into library work
Parsing module <mux3>.
Analyzing Verilog file "\\vmware-host\shared folders\Share\PPCPU_Final\mux2.v" into library work
Parsing module <mux2>.
Analyzing Verilog file "\\vmware-host\shared folders\Share\PPCPU_Final\EXT.v" into library work
Parsing verilog file "ctrl_encode_def.v" included at line 1.
Parsing module <EXT>.
Analyzing Verilog file "\\vmware-host\shared folders\Share\PPCPU_Final\ctrl.v" into library work
Parsing module <ctrl>.
Analyzing Verilog file "\\vmware-host\shared folders\Share\PPCPU_Final\AND.v" into library work
Parsing module <AND>.
Analyzing Verilog file "\\vmware-host\shared folders\Share\PPCPU_Final\alu.v" into library work
Parsing verilog file "ctrl_encode_def.v" included at line 1.
Parsing module <alu>.
Analyzing Verilog file "\\vmware-host\shared folders\Share\PPCPU_Final\adder32.v" into library work
Parsing module <adder32>.
Analyzing Verilog file "\\vmware-host\shared folders\Share\PPCPU_Final\WB_stage.v" into library work
Parsing module <WB_stage>.
Analyzing Verilog file "\\vmware-host\shared folders\Share\PPCPU_Final\PC_reg_NEW.v" into library work
Parsing module <PC_reg_NEW>.
Analyzing Verilog file "\\vmware-host\shared folders\Share\PPCPU_Final\MEM_WB_NEW.v" into library work
Parsing module <MEM_WB_NEW>.
Analyzing Verilog file "\\vmware-host\shared folders\Share\PPCPU_Final\IF_stage.v" into library work
Parsing module <IF_stage>.
Analyzing Verilog file "\\vmware-host\shared folders\Share\PPCPU_Final\IF_ID_NEW.v" into library work
Parsing module <IF_ID_NEW>.
Analyzing Verilog file "\\vmware-host\shared folders\Share\PPCPU_Final\ID_stage.v" into library work
Parsing module <ID_stage>.
Analyzing Verilog file "\\vmware-host\shared folders\Share\PPCPU_Final\ID_EXE_NEW.v" into library work
Parsing module <ID_EXE_NEW>.
Analyzing Verilog file "\\vmware-host\shared folders\Share\PPCPU_Final\HazardCtrl.v" into library work
Parsing module <HazardCtrl>.
Analyzing Verilog file "\\vmware-host\shared folders\Share\PPCPU_Final\EXE_stage.v" into library work
Parsing module <EXE_stage>.
Analyzing Verilog file "\\vmware-host\shared folders\Share\PPCPU_Final\EXE_MEM_NEW.v" into library work
Parsing module <EXE_MEM_NEW>.
Analyzing Verilog file "\\vmware-host\shared folders\Share\PPCPU_Final\SSeg7_Dev_IO.v" into library work
Parsing module <SSeg7_Dev>.
Analyzing Verilog file "\\vmware-host\shared folders\Share\PPCPU_Final\SPIO_IO.v" into library work
Parsing module <SPIO>.
Analyzing Verilog file "\\vmware-host\shared folders\Share\PPCPU_Final\SEnter_2_32_IO.v" into library work
Parsing module <SEnter_2_32>.
Analyzing Verilog file "\\vmware-host\shared folders\Share\PPCPU_Final\SAnti_jitter_IO.v" into library work
Parsing module <SAnti_jitter>.
Analyzing Verilog file "\\vmware-host\shared folders\Share\PPCPU_Final\PipelineCPU_top.v" into library work
Parsing module <PipelineCPU_top>.
Analyzing Verilog file "\\vmware-host\shared folders\Share\PPCPU_Final\Multi_8CH32_IO.v" into library work
Parsing module <Multi_8CH32>.
Analyzing Verilog file "\\vmware-host\shared folders\Share\PPCPU_Final\MIO_BUS_IO.v" into library work
Parsing module <MIO_BUS>.
Analyzing Verilog file "\\vmware-host\shared folders\Share\PPCPU_Final\Counter_3_IO.v" into library work
Parsing module <Counter_x>.
Analyzing Verilog file "\\vmware-host\shared folders\Share\PPCPU_Final\clk_div.v" into library work
Parsing module <clk_div>.
Analyzing Verilog file "\\vmware-host\shared folders\Share\PPCPU_Final\IP2SOC_Top.v" into library work
Parsing module <IP2SOC_Top>.
Parsing VHDL file "\\vmware-host\shared folders\Share\PPCPU_Final\ipcore_dir\IP1.vhd" into library work
Parsing entity <IP1>.
Parsing architecture <IP1_a> of entity <ip1>.
Parsing VHDL file "\\vmware-host\shared folders\Share\PPCPU_Final\ipcore_dir\D_mem.vhd" into library work
Parsing entity <D_mem>.
Parsing architecture <D_mem_a> of entity <d_mem>.

=========================================================================
*                            HDL Elaboration                            *
=========================================================================

Elaborating module <IP2SOC_Top>.

Elaborating module <SAnti_jitter>.
WARNING:HDLCompiler:1499 - "\\vmware-host\shared folders\Share\PPCPU_Final\SAnti_jitter_IO.v" Line 21: Empty module <SAnti_jitter> remains a black box.
WARNING:HDLCompiler:1127 - "\\vmware-host\shared folders\Share\PPCPU_Final\IP2SOC_Top.v" Line 57: Assignment to Pulse ignored, since the identifier is never used

Elaborating module <clk_div>.
WARNING:HDLCompiler:1016 - "\\vmware-host\shared folders\Share\PPCPU_Final\PipelineCPU_top.v" Line 43: Port instr is not connected to this instance

Elaborating module <PipelineCPU_top>.

Elaborating module <PC_reg_NEW>.

Elaborating module <IF_stage>.

Elaborating module <adder32>.

Elaborating module <mux4>.
Going to vhdl side to elaborate module IP1

Elaborating entity <IP1> (architecture <IP1_a>) from library <work>.
Back to verilog to continue elaboration

Elaborating module <IF_ID_NEW>.

Elaborating module <ID_stage>.

Elaborating module <ctrl>.

Elaborating module <RF>.

Elaborating module <EXT>.

Elaborating module <ID_EXE_NEW>.

Elaborating module <EXE_stage>.

Elaborating module <mux3>.

Elaborating module <mux2>.

Elaborating module <alu>.

Elaborating module <AND>.

Elaborating module <shift>.

Elaborating module <EXE_MEM_NEW>.

Elaborating module <MEM_WB_NEW>.

Elaborating module <WB_stage>.

Elaborating module <HazardCtrl>.
WARNING:HDLCompiler:1127 - "\\vmware-host\shared folders\Share\PPCPU_Final\IP2SOC_Top.v" Line 98: Assignment to CPU_MIO ignored, since the identifier is never used
Going to vhdl side to elaborate module D_mem

Elaborating entity <D_mem> (architecture <D_mem_a>) from library <work>.
Back to verilog to continue elaboration
Going to vhdl side to elaborate module IP1

Elaborating entity <IP1> (architecture <IP1_a>) from library <work>.
WARNING:HDLCompiler:758 - "\\vmware-host\shared folders\Share\PPCPU_Final\ipcore_dir\IP1.vhd" Line 43: Replacing existing netlist IP1(IP1_a)
Back to verilog to continue elaboration

Elaborating module <SEnter_2_32>.
WARNING:HDLCompiler:1499 - "\\vmware-host\shared folders\Share\PPCPU_Final\SEnter_2_32_IO.v" Line 21: Empty module <SEnter_2_32> remains a black box.
WARNING:HDLCompiler:1127 - "\\vmware-host\shared folders\Share\PPCPU_Final\IP2SOC_Top.v" Line 131: Assignment to blink ignored, since the identifier is never used

Elaborating module <MIO_BUS>.
WARNING:HDLCompiler:1499 - "\\vmware-host\shared folders\Share\PPCPU_Final\MIO_BUS_IO.v" Line 21: Empty module <MIO_BUS> remains a black box.

Elaborating module <Counter_x>.
WARNING:HDLCompiler:1127 - "\\vmware-host\shared folders\Share\PPCPU_Final\Counter_3_IO.v" Line 43: Assignment to M2 ignored, since the identifier is never used
WARNING:HDLCompiler:634 - "\\vmware-host\shared folders\Share\PPCPU_Final\Counter_3_IO.v" Line 36: Net <counter1[32]> does not have a driver.

Elaborating module <SSeg7_Dev>.
WARNING:HDLCompiler:1499 - "\\vmware-host\shared folders\Share\PPCPU_Final\SSeg7_Dev_IO.v" Line 21: Empty module <SSeg7_Dev> remains a black box.

Elaborating module <Multi_8CH32>.
WARNING:HDLCompiler:1499 - "\\vmware-host\shared folders\Share\PPCPU_Final\Multi_8CH32_IO.v" Line 21: Empty module <Multi_8CH32> remains a black box.

Elaborating module <SPIO>.
WARNING:HDLCompiler:1499 - "\\vmware-host\shared folders\Share\PPCPU_Final\SPIO_IO.v" Line 21: Empty module <SPIO> remains a black box.
WARNING:HDLCompiler:552 - "\\vmware-host\shared folders\Share\PPCPU_Final\IP2SOC_Top.v" Line 87: Input port MIO_ready is not connected on this instance

=========================================================================
*                           HDL Synthesis                               *
=========================================================================

Synthesizing Unit <IP2SOC_Top>.
    Related source file is "\\vmware-host\shared folders\Share\PPCPU_Final\IP2SOC_Top.v".
WARNING:Xst:2898 - Port 'MIO_ready', unconnected in block instance 'U1', is tied to GND.
INFO:Xst:3210 - "\\vmware-host\shared folders\Share\PPCPU_Final\IP2SOC_Top.v" line 48: Output port <pulse_out> of the instance <U9> is unconnected or connected to loadless signal.
INFO:Xst:3210 - "\\vmware-host\shared folders\Share\PPCPU_Final\IP2SOC_Top.v" line 87: Output port <CPU_MIO> of the instance <U1> is unconnected or connected to loadless signal.
INFO:Xst:3210 - "\\vmware-host\shared folders\Share\PPCPU_Final\IP2SOC_Top.v" line 122: Output port <Ai> of the instance <M4> is unconnected or connected to loadless signal.
INFO:Xst:3210 - "\\vmware-host\shared folders\Share\PPCPU_Final\IP2SOC_Top.v" line 122: Output port <Bi> of the instance <M4> is unconnected or connected to loadless signal.
INFO:Xst:3210 - "\\vmware-host\shared folders\Share\PPCPU_Final\IP2SOC_Top.v" line 122: Output port <blink> of the instance <M4> is unconnected or connected to loadless signal.
INFO:Xst:3210 - "\\vmware-host\shared folders\Share\PPCPU_Final\IP2SOC_Top.v" line 143: Output port <data_ram_we> of the instance <U4> is unconnected or connected to loadless signal.
INFO:Xst:3210 - "\\vmware-host\shared folders\Share\PPCPU_Final\IP2SOC_Top.v" line 226: Output port <GPIOf0> of the instance <U7> is unconnected or connected to loadless signal.
    Summary:
	no macro.
Unit <IP2SOC_Top> synthesized.

Synthesizing Unit <clk_div>.
    Related source file is "\\vmware-host\shared folders\Share\PPCPU_Final\clk_div.v".
    Found 32-bit register for signal <clkdiv>.
    Found 32-bit adder for signal <clkdiv[31]_GND_3_o_add_0_OUT> created at line 32.
    Summary:
	inferred   1 Adder/Subtractor(s).
	inferred  32 D-type flip-flop(s).
	inferred   1 Multiplexer(s).
Unit <clk_div> synthesized.

Synthesizing Unit <PipelineCPU_top>.
    Related source file is "\\vmware-host\shared folders\Share\PPCPU_Final\PipelineCPU_top.v".
WARNING:Xst:647 - Input <MIO_ready> is never used. This port will be preserved and left unconnected if it belongs to a top-level block or it belongs to a sub-block and the hierarchy of this sub-block is preserved.
WARNING:Xst:647 - Input <INT> is never used. This port will be preserved and left unconnected if it belongs to a top-level block or it belongs to a sub-block and the hierarchy of this sub-block is preserved.
INFO:Xst:3210 - "\\vmware-host\shared folders\Share\PPCPU_Final\PipelineCPU_top.v" line 43: Output port <instr> of the instance <IF> is unconnected or connected to loadless signal.
WARNING:Xst:653 - Signal <CPU_MIO> is used but never assigned. This sourceless signal will be automatically connected to value GND.
    Summary:
	no macro.
Unit <PipelineCPU_top> synthesized.

Synthesizing Unit <PC_reg_NEW>.
    Related source file is "\\vmware-host\shared folders\Share\PPCPU_Final\PC_reg_NEW.v".
    Found 32-bit register for signal <PC>.
    Summary:
	inferred  32 D-type flip-flop(s).
Unit <PC_reg_NEW> synthesized.

Synthesizing Unit <IF_stage>.
    Related source file is "\\vmware-host\shared folders\Share\PPCPU_Final\IF_stage.v".
    Summary:
	no macro.
Unit <IF_stage> synthesized.

Synthesizing Unit <adder32>.
    Related source file is "\\vmware-host\shared folders\Share\PPCPU_Final\adder32.v".
    Found 32-bit adder for signal <out> created at line 6.
    Summary:
	inferred   1 Adder/Subtractor(s).
Unit <adder32> synthesized.

Synthesizing Unit <mux4>.
    Related source file is "\\vmware-host\shared folders\Share\PPCPU_Final\mux4.v".
    Summary:
	no macro.
Unit <mux4> synthesized.

Synthesizing Unit <IF_ID_NEW>.
    Related source file is "\\vmware-host\shared folders\Share\PPCPU_Final\IF_ID_NEW.v".
    Found 32-bit register for signal <PCPLUS4_out>.
    Found 32-bit register for signal <PC_out>.
    Found 32-bit register for signal <instr_out>.
    Summary:
	inferred  96 D-type flip-flop(s).
Unit <IF_ID_NEW> synthesized.

Synthesizing Unit <ID_stage>.
    Related source file is "\\vmware-host\shared folders\Share\PPCPU_Final\ID_stage.v".
    Summary:
	no macro.
Unit <ID_stage> synthesized.

Synthesizing Unit <ctrl>.
    Related source file is "\\vmware-host\shared folders\Share\PPCPU_Final\ctrl.v".
WARNING:Xst:647 - Input <instr_in<11:7>> is never used. This port will be preserved and left unconnected if it belongs to a top-level block or it belongs to a sub-block and the hierarchy of this sub-block is preserved.
WARNING:Xst:647 - Input <instr_in<24:15>> is never used. This port will be preserved and left unconnected if it belongs to a top-level block or it belongs to a sub-block and the hierarchy of this sub-block is preserved.
    Summary:
	no macro.
Unit <ctrl> synthesized.

Synthesizing Unit <RF>.
    Related source file is "\\vmware-host\shared folders\Share\PPCPU_Final\RF.v".
WARNING:Xst:647 - Input <instr_in<14:0>> is never used. This port will be preserved and left unconnected if it belongs to a top-level block or it belongs to a sub-block and the hierarchy of this sub-block is preserved.
WARNING:Xst:647 - Input <instr_in<31:25>> is never used. This port will be preserved and left unconnected if it belongs to a top-level block or it belongs to a sub-block and the hierarchy of this sub-block is preserved.
    Found 1024-bit register for signal <n0054[1023:0]>.
    Found 32-bit 32-to-1 multiplexer for signal <rs1[4]_rf[31][31]_wide_mux_40_OUT> created at line 43.
    Found 32-bit 32-to-1 multiplexer for signal <rs2[4]_rf[31][31]_wide_mux_43_OUT> created at line 44.
    Summary:
	inferred 1024 D-type flip-flop(s).
	inferred  36 Multiplexer(s).
Unit <RF> synthesized.

Synthesizing Unit <EXT>.
    Related source file is "\\vmware-host\shared folders\Share\PPCPU_Final\EXT.v".
WARNING:Xst:647 - Input <instr_in<6:0>> is never used. This port will be preserved and left unconnected if it belongs to a top-level block or it belongs to a sub-block and the hierarchy of this sub-block is preserved.
    Summary:
	no macro.
Unit <EXT> synthesized.

Synthesizing Unit <ID_EXE_NEW>.
    Related source file is "\\vmware-host\shared folders\Share\PPCPU_Final\ID_EXE_NEW.v".
    Found 5-bit register for signal <ALUOp_out>.
    Found 3-bit register for signal <NPCOp_out>.
    Found 1-bit register for signal <ALUSrc_out>.
    Found 1-bit register for signal <mem_w_out>.
    Found 4-bit register for signal <wea_out>.
    Found 2-bit register for signal <WDSel_out>.
    Found 32-bit register for signal <rs1_out>.
    Found 32-bit register for signal <rs2_out>.
    Found 5-bit register for signal <wregnum_out>.
    Found 32-bit register for signal <ImmGen_out>.
    Found 32-bit register for signal <PCPLUS4_out>.
    Found 32-bit register for signal <PC_out>.
    Found 2-bit register for signal <rs1_fwd_sel_out>.
    Found 2-bit register for signal <rs2_fwd_sel_out>.
    Found 1-bit register for signal <RegWrite_out>.
    Summary:
	inferred 186 D-type flip-flop(s).
Unit <ID_EXE_NEW> synthesized.

Synthesizing Unit <EXE_stage>.
    Related source file is "\\vmware-host\shared folders\Share\PPCPU_Final\EXE_stage.v".
    Summary:
	no macro.
Unit <EXE_stage> synthesized.

Synthesizing Unit <mux3>.
    Related source file is "\\vmware-host\shared folders\Share\PPCPU_Final\mux3.v".
    Found 32-bit 4-to-1 multiplexer for signal <out> created at line 10.
    Summary:
	inferred   1 Multiplexer(s).
Unit <mux3> synthesized.

Synthesizing Unit <mux2>.
    Related source file is "\\vmware-host\shared folders\Share\PPCPU_Final\mux2.v".
    Summary:
	inferred   1 Multiplexer(s).
Unit <mux2> synthesized.

Synthesizing Unit <alu>.
    Related source file is "\\vmware-host\shared folders\Share\PPCPU_Final\alu.v".
    Found 32-bit subtractor for signal <A[31]_B[31]_sub_3_OUT> created at line 21.
    Found 32-bit adder for signal <PC[31]_B[31]_add_0_OUT> created at line 19.
    Found 32-bit adder for signal <A[31]_B[31]_add_1_OUT> created at line 20.
    Found 32-bit shifter logical left for signal <A[31]_B[31]_shift_left_13_OUT> created at line 32
    Found 32-bit shifter logical right for signal <A[31]_B[31]_shift_right_14_OUT> created at line 33
    Found 32-bit shifter arithmetic right for signal <A[31]_B[31]_shift_right_15_OUT> created at line 34
WARNING:Xst:737 - Found 1-bit latch for signal <C<30>>. Latches may be generated from incomplete case or if statements. We do not recommend the use of latches in FPGA/CPLD designs, as they may lead to timing problems.
WARNING:Xst:737 - Found 1-bit latch for signal <C<29>>. Latches may be generated from incomplete case or if statements. We do not recommend the use of latches in FPGA/CPLD designs, as they may lead to timing problems.
WARNING:Xst:737 - Found 1-bit latch for signal <C<28>>. Latches may be generated from incomplete case or if statements. We do not recommend the use of latches in FPGA/CPLD designs, as they may lead to timing problems.
WARNING:Xst:737 - Found 1-bit latch for signal <C<27>>. Latches may be generated from incomplete case or if statements. We do not recommend the use of latches in FPGA/CPLD designs, as they may lead to timing problems.
WARNING:Xst:737 - Found 1-bit latch for signal <C<26>>. Latches may be generated from incomplete case or if statements. We do not recommend the use of latches in FPGA/CPLD designs, as they may lead to timing problems.
WARNING:Xst:737 - Found 1-bit latch for signal <C<25>>. Latches may be generated from incomplete case or if statements. We do not recommend the use of latches in FPGA/CPLD designs, as they may lead to timing problems.
WARNING:Xst:737 - Found 1-bit latch for signal <C<24>>. Latches may be generated from incomplete case or if statements. We do not recommend the use of latches in FPGA/CPLD designs, as they may lead to timing problems.
WARNING:Xst:737 - Found 1-bit latch for signal <C<23>>. Latches may be generated from incomplete case or if statements. We do not recommend the use of latches in FPGA/CPLD designs, as they may lead to timing problems.
WARNING:Xst:737 - Found 1-bit latch for signal <C<22>>. Latches may be generated from incomplete case or if statements. We do not recommend the use of latches in FPGA/CPLD designs, as they may lead to timing problems.
WARNING:Xst:737 - Found 1-bit latch for signal <C<21>>. Latches may be generated from incomplete case or if statements. We do not recommend the use of latches in FPGA/CPLD designs, as they may lead to timing problems.
WARNING:Xst:737 - Found 1-bit latch for signal <C<20>>. Latches may be generated from incomplete case or if statements. We do not recommend the use of latches in FPGA/CPLD designs, as they may lead to timing problems.
WARNING:Xst:737 - Found 1-bit latch for signal <C<19>>. Latches may be generated from incomplete case or if statements. We do not recommend the use of latches in FPGA/CPLD designs, as they may lead to timing problems.
WARNING:Xst:737 - Found 1-bit latch for signal <C<18>>. Latches may be generated from incomplete case or if statements. We do not recommend the use of latches in FPGA/CPLD designs, as they may lead to timing problems.
WARNING:Xst:737 - Found 1-bit latch for signal <C<17>>. Latches may be generated from incomplete case or if statements. We do not recommend the use of latches in FPGA/CPLD designs, as they may lead to timing problems.
WARNING:Xst:737 - Found 1-bit latch for signal <C<16>>. Latches may be generated from incomplete case or if statements. We do not recommend the use of latches in FPGA/CPLD designs, as they may lead to timing problems.
WARNING:Xst:737 - Found 1-bit latch for signal <C<15>>. Latches may be generated from incomplete case or if statements. We do not recommend the use of latches in FPGA/CPLD designs, as they may lead to timing problems.
WARNING:Xst:737 - Found 1-bit latch for signal <C<14>>. Latches may be generated from incomplete case or if statements. We do not recommend the use of latches in FPGA/CPLD designs, as they may lead to timing problems.
WARNING:Xst:737 - Found 1-bit latch for signal <C<13>>. Latches may be generated from incomplete case or if statements. We do not recommend the use of latches in FPGA/CPLD designs, as they may lead to timing problems.
WARNING:Xst:737 - Found 1-bit latch for signal <C<12>>. Latches may be generated from incomplete case or if statements. We do not recommend the use of latches in FPGA/CPLD designs, as they may lead to timing problems.
WARNING:Xst:737 - Found 1-bit latch for signal <C<11>>. Latches may be generated from incomplete case or if statements. We do not recommend the use of latches in FPGA/CPLD designs, as they may lead to timing problems.
WARNING:Xst:737 - Found 1-bit latch for signal <C<10>>. Latches may be generated from incomplete case or if statements. We do not recommend the use of latches in FPGA/CPLD designs, as they may lead to timing problems.
WARNING:Xst:737 - Found 1-bit latch for signal <C<9>>. Latches may be generated from incomplete case or if statements. We do not recommend the use of latches in FPGA/CPLD designs, as they may lead to timing problems.
WARNING:Xst:737 - Found 1-bit latch for signal <C<8>>. Latches may be generated from incomplete case or if statements. We do not recommend the use of latches in FPGA/CPLD designs, as they may lead to timing problems.
WARNING:Xst:737 - Found 1-bit latch for signal <C<7>>. Latches may be generated from incomplete case or if statements. We do not recommend the use of latches in FPGA/CPLD designs, as they may lead to timing problems.
WARNING:Xst:737 - Found 1-bit latch for signal <C<6>>. Latches may be generated from incomplete case or if statements. We do not recommend the use of latches in FPGA/CPLD designs, as they may lead to timing problems.
WARNING:Xst:737 - Found 1-bit latch for signal <C<5>>. Latches may be generated from incomplete case or if statements. We do not recommend the use of latches in FPGA/CPLD designs, as they may lead to timing problems.
WARNING:Xst:737 - Found 1-bit latch for signal <C<4>>. Latches may be generated from incomplete case or if statements. We do not recommend the use of latches in FPGA/CPLD designs, as they may lead to timing problems.
WARNING:Xst:737 - Found 1-bit latch for signal <C<3>>. Latches may be generated from incomplete case or if statements. We do not recommend the use of latches in FPGA/CPLD designs, as they may lead to timing problems.
WARNING:Xst:737 - Found 1-bit latch for signal <C<2>>. Latches may be generated from incomplete case or if statements. We do not recommend the use of latches in FPGA/CPLD designs, as they may lead to timing problems.
WARNING:Xst:737 - Found 1-bit latch for signal <C<1>>. Latches may be generated from incomplete case or if statements. We do not recommend the use of latches in FPGA/CPLD designs, as they may lead to timing problems.
WARNING:Xst:737 - Found 1-bit latch for signal <C<0>>. Latches may be generated from incomplete case or if statements. We do not recommend the use of latches in FPGA/CPLD designs, as they may lead to timing problems.
WARNING:Xst:737 - Found 1-bit latch for signal <C<31>>. Latches may be generated from incomplete case or if statements. We do not recommend the use of latches in FPGA/CPLD designs, as they may lead to timing problems.
    Found 32-bit comparator equal for signal <A[31]_B[31]_equal_4_o> created at line 22
    Found 32-bit comparator greater for signal <n0004> created at line 23
    Found 32-bit comparator greater for signal <n0006> created at line 25
    Summary:
	inferred   3 Adder/Subtractor(s).
	inferred  32 Latch(s).
	inferred   3 Comparator(s).
	inferred 871 Multiplexer(s).
	inferred   3 Combinational logic shifter(s).
Unit <alu> synthesized.

Synthesizing Unit <AND>.
    Related source file is "\\vmware-host\shared folders\Share\PPCPU_Final\AND.v".
    Summary:
	no macro.
Unit <AND> synthesized.

Synthesizing Unit <shift>.
    Related source file is "\\vmware-host\shared folders\Share\PPCPU_Final\shift.v".
WARNING:Xst:647 - Input <ImmGen_in<31:31>> is never used. This port will be preserved and left unconnected if it belongs to a top-level block or it belongs to a sub-block and the hierarchy of this sub-block is preserved.
    Summary:
	no macro.
Unit <shift> synthesized.

Synthesizing Unit <EXE_MEM_NEW>.
    Related source file is "\\vmware-host\shared folders\Share\PPCPU_Final\EXE_MEM_NEW.v".
    Found 1-bit register for signal <mem_w_out>.
    Found 4-bit register for signal <wea_out>.
    Found 2-bit register for signal <WDSel_out>.
    Found 32-bit register for signal <ALU_result_out>.
    Found 32-bit register for signal <ALU_B_out>.
    Found 5-bit register for signal <wregnum_out>.
    Found 32-bit register for signal <PCPLUS4_out>.
    Found 1-bit register for signal <RegWrite_out>.
    Summary:
	inferred 109 D-type flip-flop(s).
Unit <EXE_MEM_NEW> synthesized.

Synthesizing Unit <MEM_WB_NEW>.
    Related source file is "\\vmware-host\shared folders\Share\PPCPU_Final\MEM_WB_NEW.v".
    Found 2-bit register for signal <WDSel_out>.
    Found 32-bit register for signal <ALU_result_out>.
    Found 32-bit register for signal <dout_out>.
    Found 5-bit register for signal <wregnum_out>.
    Found 32-bit register for signal <PCPLUS4_out>.
    Found 1-bit register for signal <RegWrite_out>.
    Summary:
	inferred 104 D-type flip-flop(s).
Unit <MEM_WB_NEW> synthesized.

Synthesizing Unit <WB_stage>.
    Related source file is "\\vmware-host\shared folders\Share\PPCPU_Final\WB_stage.v".
    Summary:
	no macro.
Unit <WB_stage> synthesized.

Synthesizing Unit <HazardCtrl>.
    Related source file is "\\vmware-host\shared folders\Share\PPCPU_Final\HazardCtrl.v".
WARNING:Xst:647 - Input <instr<14:7>> is never used. This port will be preserved and left unconnected if it belongs to a top-level block or it belongs to a sub-block and the hierarchy of this sub-block is preserved.
WARNING:Xst:647 - Input <instr<31:25>> is never used. This port will be preserved and left unconnected if it belongs to a top-level block or it belongs to a sub-block and the hierarchy of this sub-block is preserved.
WARNING:Xst:647 - Input <WDSel_EXE<1:1>> is never used. This port will be preserved and left unconnected if it belongs to a top-level block or it belongs to a sub-block and the hierarchy of this sub-block is preserved.
WARNING:Xst:647 - Input <RegWrite_EXE> is never used. This port will be preserved and left unconnected if it belongs to a top-level block or it belongs to a sub-block and the hierarchy of this sub-block is preserved.
WARNING:Xst:647 - Input <RegWrite_MEM> is never used. This port will be preserved and left unconnected if it belongs to a top-level block or it belongs to a sub-block and the hierarchy of this sub-block is preserved.
    Found 1-bit adder for signal <n0091> created at line 44.
    Found 1-bit adder for signal <Flush_IF_ID> created at line 44.
    Found 1-bit adder for signal <Flush_ID_EXE> created at line 45.
    Found 5-bit comparator equal for signal <rs1[4]_wregnum_MEM[4]_equal_6_o> created at line 35
    Found 5-bit comparator equal for signal <rs2[4]_wregnum_MEM[4]_equal_10_o> created at line 37
    Found 5-bit comparator equal for signal <rs1[4]_wregnum_EXE[4]_equal_13_o> created at line 40
    Found 5-bit comparator equal for signal <rs2[4]_wregnum_EXE[4]_equal_15_o> created at line 41
    Summary:
	inferred   3 Adder/Subtractor(s).
	inferred   4 Comparator(s).
	inferred   1 Multiplexer(s).
Unit <HazardCtrl> synthesized.

Synthesizing Unit <Counter_x>.
    Related source file is "\\vmware-host\shared folders\Share\PPCPU_Final\Counter_3_IO.v".
WARNING:Xst:647 - Input <clk1> is never used. This port will be preserved and left unconnected if it belongs to a top-level block or it belongs to a sub-block and the hierarchy of this sub-block is preserved.
WARNING:Xst:647 - Input <clk2> is never used. This port will be preserved and left unconnected if it belongs to a top-level block or it belongs to a sub-block and the hierarchy of this sub-block is preserved.
WARNING:Xst:653 - Signal <counter1<32>> is used but never assigned. This sourceless signal will be automatically connected to value GND.
WARNING:Xst:653 - Signal <counter2<32>> is used but never assigned. This sourceless signal will be automatically connected to value GND.
    Found 24-bit register for signal <counter_Ctrl>.
    Found 33-bit register for signal <counter0>.
    Found 32-bit register for signal <counter0_Lock>.
    Found 1-bit register for signal <sq0>.
    Found 1-bit register for signal <M0>.
    Found 1-bit register for signal <clr0>.
    Found 33-bit subtractor for signal <counter0[32]_GND_66_o_sub_26_OUT> created at line 77.
    Found 33-bit 4-to-1 multiplexer for signal <counter_Ctrl[2]_counter0[32]_wide_mux_26_OUT> created at line 70.
    Found 1-bit comparator not equal for signal <n0017> created at line 76
    Summary:
	inferred   1 Adder/Subtractor(s).
	inferred  92 D-type flip-flop(s).
	inferred   1 Comparator(s).
	inferred   5 Multiplexer(s).
Unit <Counter_x> synthesized.

=========================================================================
HDL Synthesis Report

Macro Statistics
# Adders/Subtractors                                   : 10
 1-bit adder                                           : 3
 32-bit adder                                          : 5
 32-bit subtractor                                     : 1
 33-bit subtractor                                     : 1
# Registers                                            : 41
 1-bit register                                        : 9
 1024-bit register                                     : 1
 2-bit register                                        : 5
 24-bit register                                       : 1
 3-bit register                                        : 1
 32-bit register                                       : 17
 33-bit register                                       : 1
 4-bit register                                        : 2
 5-bit register                                        : 4
# Latches                                              : 32
 1-bit latch                                           : 32
# Comparators                                          : 8
 1-bit comparator not equal                            : 1
 32-bit comparator equal                               : 1
 32-bit comparator greater                             : 2
 5-bit comparator equal                                : 4
# Multiplexers                                         : 918
 1-bit 2-to-1 multiplexer                              : 870
 32-bit 2-to-1 multiplexer                             : 38
 32-bit 32-to-1 multiplexer                            : 2
 32-bit 4-to-1 multiplexer                             : 3
 33-bit 2-to-1 multiplexer                             : 4
 33-bit 4-to-1 multiplexer                             : 1
# Logic shifters                                       : 3
 32-bit shifter arithmetic right                       : 1
 32-bit shifter logical left                           : 1
 32-bit shifter logical right                          : 1
# Xors                                                 : 1
 32-bit xor2                                           : 1

=========================================================================

=========================================================================
*                       Advanced HDL Synthesis                          *
=========================================================================

Reading core <SAnti_jitter.ngc>.
Reading core <SEnter_2_32.ngc>.
Reading core <MIO_BUS.ngc>.
Reading core <SSeg7_Dev.ngc>.
Reading core <Multi_8CH32.ngc>.
Reading core <SPIO.ngc>.
Reading core <ipcore_dir/D_mem.ngc>.
Reading core <ipcore_dir/IP1.ngc>.
Loading core <SAnti_jitter> for timing and area information for instance <U9>.
Loading core <SEnter_2_32> for timing and area information for instance <M4>.
Loading core <MIO_BUS> for timing and area information for instance <U4>.
Loading core <SSeg7_Dev> for timing and area information for instance <U6>.
Loading core <Multi_8CH32> for timing and area information for instance <U5>.
Loading core <SPIO> for timing and area information for instance <U7>.
Loading core <D_mem> for timing and area information for instance <U3>.
Loading core <IP1> for timing and area information for instance <U2>.
Loading core <IP1> for timing and area information for instance <U_Instrmem>.
WARNING:Xst:2677 - Node <counter_Ctrl_0> of sequential type is unconnected in block <U10>.
WARNING:Xst:2677 - Node <counter_Ctrl_3> of sequential type is unconnected in block <U10>.
WARNING:Xst:2677 - Node <counter_Ctrl_4> of sequential type is unconnected in block <U10>.
WARNING:Xst:2677 - Node <counter_Ctrl_5> of sequential type is unconnected in block <U10>.
WARNING:Xst:2677 - Node <counter_Ctrl_6> of sequential type is unconnected in block <U10>.
WARNING:Xst:2677 - Node <counter_Ctrl_7> of sequential type is unconnected in block <U10>.
WARNING:Xst:2677 - Node <counter_Ctrl_8> of sequential type is unconnected in block <U10>.
WARNING:Xst:2677 - Node <counter_Ctrl_9> of sequential type is unconnected in block <U10>.
WARNING:Xst:2677 - Node <counter_Ctrl_10> of sequential type is unconnected in block <U10>.
WARNING:Xst:2677 - Node <counter_Ctrl_11> of sequential type is unconnected in block <U10>.
WARNING:Xst:2677 - Node <counter_Ctrl_12> of sequential type is unconnected in block <U10>.
WARNING:Xst:2677 - Node <counter_Ctrl_13> of sequential type is unconnected in block <U10>.
WARNING:Xst:2677 - Node <counter_Ctrl_14> of sequential type is unconnected in block <U10>.
WARNING:Xst:2677 - Node <counter_Ctrl_15> of sequential type is unconnected in block <U10>.
WARNING:Xst:2677 - Node <counter_Ctrl_16> of sequential type is unconnected in block <U10>.
WARNING:Xst:2677 - Node <counter_Ctrl_17> of sequential type is unconnected in block <U10>.
WARNING:Xst:2677 - Node <counter_Ctrl_18> of sequential type is unconnected in block <U10>.
WARNING:Xst:2677 - Node <counter_Ctrl_19> of sequential type is unconnected in block <U10>.
WARNING:Xst:2677 - Node <counter_Ctrl_20> of sequential type is unconnected in block <U10>.
WARNING:Xst:2677 - Node <counter_Ctrl_21> of sequential type is unconnected in block <U10>.
WARNING:Xst:2677 - Node <counter_Ctrl_22> of sequential type is unconnected in block <U10>.
WARNING:Xst:2677 - Node <counter_Ctrl_23> of sequential type is unconnected in block <U10>.

Synthesizing (advanced) Unit <clk_div>.
The following registers are absorbed into counter <clkdiv>: 1 register on signal <clkdiv>.
Unit <clk_div> synthesized (advanced).
WARNING:Xst:2677 - Node <counter_Ctrl_0> of sequential type is unconnected in block <Counter_x>.
WARNING:Xst:2677 - Node <counter_Ctrl_3> of sequential type is unconnected in block <Counter_x>.
WARNING:Xst:2677 - Node <counter_Ctrl_4> of sequential type is unconnected in block <Counter_x>.
WARNING:Xst:2677 - Node <counter_Ctrl_5> of sequential type is unconnected in block <Counter_x>.
WARNING:Xst:2677 - Node <counter_Ctrl_6> of sequential type is unconnected in block <Counter_x>.
WARNING:Xst:2677 - Node <counter_Ctrl_7> of sequential type is unconnected in block <Counter_x>.
WARNING:Xst:2677 - Node <counter_Ctrl_8> of sequential type is unconnected in block <Counter_x>.
WARNING:Xst:2677 - Node <counter_Ctrl_9> of sequential type is unconnected in block <Counter_x>.
WARNING:Xst:2677 - Node <counter_Ctrl_10> of sequential type is unconnected in block <Counter_x>.
WARNING:Xst:2677 - Node <counter_Ctrl_11> of sequential type is unconnected in block <Counter_x>.
WARNING:Xst:2677 - Node <counter_Ctrl_12> of sequential type is unconnected in block <Counter_x>.
WARNING:Xst:2677 - Node <counter_Ctrl_13> of sequential type is unconnected in block <Counter_x>.
WARNING:Xst:2677 - Node <counter_Ctrl_14> of sequential type is unconnected in block <Counter_x>.
WARNING:Xst:2677 - Node <counter_Ctrl_15> of sequential type is unconnected in block <Counter_x>.
WARNING:Xst:2677 - Node <counter_Ctrl_16> of sequential type is unconnected in block <Counter_x>.
WARNING:Xst:2677 - Node <counter_Ctrl_17> of sequential type is unconnected in block <Counter_x>.
WARNING:Xst:2677 - Node <counter_Ctrl_18> of sequential type is unconnected in block <Counter_x>.
WARNING:Xst:2677 - Node <counter_Ctrl_19> of sequential type is unconnected in block <Counter_x>.
WARNING:Xst:2677 - Node <counter_Ctrl_20> of sequential type is unconnected in block <Counter_x>.
WARNING:Xst:2677 - Node <counter_Ctrl_21> of sequential type is unconnected in block <Counter_x>.
WARNING:Xst:2677 - Node <counter_Ctrl_22> of sequential type is unconnected in block <Counter_x>.
WARNING:Xst:2677 - Node <counter_Ctrl_23> of sequential type is unconnected in block <Counter_x>.

=========================================================================
Advanced HDL Synthesis Report

Macro Statistics
# Adders/Subtractors                                   : 8
 1-bit adder                                           : 1
 1-bit adder carry in                                  : 1
 32-bit adder                                          : 4
 32-bit subtractor                                     : 1
 33-bit subtractor                                     : 1
# Counters                                             : 1
 32-bit up counter                                     : 1
# Registers                                            : 1621
 Flip-Flops                                            : 1621
# Comparators                                          : 8
 1-bit comparator not equal                            : 1
 32-bit comparator equal                               : 1
 32-bit comparator greater                             : 2
 5-bit comparator equal                                : 4
# Multiplexers                                         : 980
 1-bit 2-to-1 multiplexer                              : 934
 32-bit 2-to-1 multiplexer                             : 38
 32-bit 32-to-1 multiplexer                            : 2
 32-bit 4-to-1 multiplexer                             : 3
 33-bit 2-to-1 multiplexer                             : 2
 33-bit 4-to-1 multiplexer                             : 1
# Logic shifters                                       : 3
 32-bit shifter arithmetic right                       : 1
 32-bit shifter logical left                           : 1
 32-bit shifter logical right                          : 1
# Xors                                                 : 1
 32-bit xor2                                           : 1

=========================================================================

=========================================================================
*                         Low Level Synthesis                           *
=========================================================================

Optimizing unit <IF_ID_NEW> ...

Optimizing unit <MEM_WB_NEW> ...

Optimizing unit <PC_reg_NEW> ...

Optimizing unit <ID_EXE_NEW> ...

Optimizing unit <EXE_MEM_NEW> ...

Optimizing unit <IP2SOC_Top> ...

Optimizing unit <PipelineCPU_top> ...

Optimizing unit <ctrl> ...

Optimizing unit <RF> ...

Optimizing unit <alu> ...

Optimizing unit <Counter_x> ...
INFO:Xst:2261 - The FF/Latch <U1/EXE_MEM/wea_out_3> in Unit <IP2SOC_Top> is equivalent to the following FF/Latch, which will be removed : <U1/EXE_MEM/wea_out_2> 
INFO:Xst:2261 - The FF/Latch <U1/ID_EXE/wea_out_3> in Unit <IP2SOC_Top> is equivalent to the following FF/Latch, which will be removed : <U1/ID_EXE/wea_out_2> 
INFO:Xst:2261 - The FF/Latch <U1/IF_ID/PCPLUS4_out_0> in Unit <IP2SOC_Top> is equivalent to the following FF/Latch, which will be removed : <U1/IF_ID/PC_out_0> 
INFO:Xst:2261 - The FF/Latch <U1/IF_ID/PCPLUS4_out_1> in Unit <IP2SOC_Top> is equivalent to the following FF/Latch, which will be removed : <U1/IF_ID/PC_out_1> 
INFO:Xst:2261 - The FF/Latch <U1/EXE_MEM/mem_w_out> in Unit <IP2SOC_Top> is equivalent to the following FF/Latch, which will be removed : <U1/EXE_MEM/wea_out_0> 
INFO:Xst:2261 - The FF/Latch <U1/ID_EXE/mem_w_out> in Unit <IP2SOC_Top> is equivalent to the following FF/Latch, which will be removed : <U1/ID_EXE/wea_out_0> 
INFO:Xst:2261 - The FF/Latch <U1/ID_EXE/PC_out_0> in Unit <IP2SOC_Top> is equivalent to the following FF/Latch, which will be removed : <U1/ID_EXE/PCPLUS4_out_0> 
INFO:Xst:2261 - The FF/Latch <U1/ID_EXE/PC_out_1> in Unit <IP2SOC_Top> is equivalent to the following FF/Latch, which will be removed : <U1/ID_EXE/PCPLUS4_out_1> 

Mapping all equations...
Building and optimizing final netlist ...
Found area constraint ratio of 100 (+ 5) on block IP2SOC_Top, actual ratio is 4.

Final Macro Processing ...

=========================================================================
Final Register Report

Macro Statistics
# Registers                                            : 1645
 Flip-Flops                                            : 1645

=========================================================================

=========================================================================
*                           Partition Report                            *
=========================================================================

Partition Implementation Status
-------------------------------

  No Partitions were found in this design.

-------------------------------

=========================================================================
*                            Design Summary                             *
=========================================================================

Top Level Output File Name         : IP2SOC_Top.ngc

Primitive and Black Box Usage:
------------------------------
# BELS                             : 5064
#      AND2                        : 8
#      AND3                        : 88
#      AND4                        : 72
#      GND                         : 3
#      INV                         : 87
#      LUT1                        : 126
#      LUT2                        : 76
#      LUT3                        : 238
#      LUT4                        : 1390
#      LUT5                        : 499
#      LUT6                        : 1648
#      MUXCY                       : 346
#      MUXF7                       : 75
#      OR2                         : 56
#      OR3                         : 24
#      OR4                         : 32
#      VCC                         : 5
#      XORCY                       : 291
# FlipFlops/Latches                : 2056
#      FD                          : 190
#      FDC                         : 80
#      FDCE                        : 38
#      FDCE_1                      : 15
#      FDE                         : 111
#      FDE_1                       : 1038
#      FDPE_1                      : 3
#      FDR                         : 394
#      FDRE                        : 155
#      LD                          : 32
# RAMS                             : 1
#      RAMB36E1                    : 1
# Clock Buffers                    : 6
#      BUFG                        : 5
#      BUFGP                       : 1
# IO Buffers                       : 37
#      IBUF                        : 21
#      OBUF                        : 16

Device utilization summary:
---------------------------

Selected Device : 7k160tffg676-2l 


Slice Logic Utilization: 
 Number of Slice Registers:            2056  out of  202800     1%  
 Number of Slice LUTs:                 4064  out of  101400     4%  
    Number used as Logic:              4064  out of  101400     4%  

Slice Logic Distribution: 
 Number of LUT Flip Flop pairs used:   4389
   Number with an unused Flip Flop:    2333  out of   4389    53%  
   Number with an unused LUT:           325  out of   4389     7%  
   Number of fully used LUT-FF pairs:  1731  out of   4389    39%  
   Number of unique control sets:        32

IO Utilization: 
 Number of IOs:                          38
 Number of bonded IOBs:                  38  out of    400     9%  

Specific Feature Utilization:
 Number of Block RAM/FIFO:                1  out of    325     0%  
    Number using Block RAM only:          1
 Number of BUFG/BUFGCTRLs:                6  out of     32    18%  

---------------------------
Partition Resource Summary:
---------------------------

  No Partitions were found in this design.

---------------------------


=========================================================================
Timing Report

NOTE: THESE TIMING NUMBERS ARE ONLY A SYNTHESIS ESTIMATE.
      FOR ACCURATE TIMING INFORMATION PLEASE REFER TO THE TRACE REPORT
      GENERATED AFTER PLACE-and-ROUTE.

Clock Information:
------------------
-----------------------------------------------------------------------------------+---------------------------------+-------+
Clock Signal                                                                       | Clock buffer(FF name)           | Load  |
-----------------------------------------------------------------------------------+---------------------------------+-------+
clk_100mhz                                                                         | BUFGP                           | 262   |
Clk_CPU(U8/Mmux_Clk_CPU11:O)                                                       | BUFG(*)(U1/IF_ID/PCPLUS4_out_31)| 1543  |
U1/EXE/U_ALU/ALUOp[4]_GND_24_o_Mux_18_o(U1/EXE/U_ALU/ALUOp[4]_GND_24_o_Mux_18_o1:O)| BUFG(*)(U1/EXE/U_ALU/C_1)       | 32    |
U8/clkdiv_6                                                                        | BUFG                            | 35    |
Clk_CPU_INV_280_o(Clk_CPU_INV_280_o1:O)                                            | BUFG(*)(U10/counter_Ctrl_2)     | 141   |
U9/clk1                                                                            | BUFG                            | 41    |
M4/push(M4/push1:O)                                                                | NONE(*)(M4/state_0)             | 3     |
-----------------------------------------------------------------------------------+---------------------------------+-------+
(*) These 4 clock signal(s) are generated by combinatorial logic,
and XST is not able to identify which are the primary clock signals.
Please use the CLOCK_SIGNAL constraint to specify the clock signal(s) generated by combinatorial logic.
INFO:Xst:2169 - HDL ADVISOR - Some clock signals were not automatically buffered by XST with BUFG/BUFR resources. Please use the buffer_type constraint in order to insert these buffers to the clock signals to help prevent skew problems.

Asynchronous Control Signals Information:
----------------------------------------
-----------------------------------+-----------------------------------------------------------------------------------------------------------------------------------------+-------+
Control Signal                     | Buffer(FF name)                                                                                                                         | Load  |
-----------------------------------+-----------------------------------------------------------------------------------------------------------------------------------------+-------+
U3/N1(U3/XST_GND:G)                | NONE(U3/U0/xst_blk_mem_generator/gnativebmg.native_blk_mem_gen/valid.cstr/ramloop[0].ram.r/v6_init.ram/NO_BMM_INFO.SP.SIMPLE_PRIM36.ram)| 2     |
-----------------------------------+-----------------------------------------------------------------------------------------------------------------------------------------+-------+

Timing Summary:
---------------
Speed Grade: -2

   Minimum period: 4.920ns (Maximum Frequency: 203.264MHz)
   Minimum input arrival time before clock: 2.109ns
   Maximum output required time after clock: 0.658ns
   Maximum combinational path delay: No path found

Timing Details:
---------------
All values displayed in nanoseconds (ns)

=========================================================================
Timing constraint: Default period analysis for Clock 'clk_100mhz'
  Clock period: 4.920ns (frequency: 203.264MHz)
  Total number of paths / destination ports: 12105 / 333
-------------------------------------------------------------------------
Delay:               4.920ns (Levels of Logic = 12)
  Source:            U9/SW_OK_5 (FF)
  Destination:       U6/M2/buffer_51 (FF)
  Source Clock:      clk_100mhz rising
  Destination Clock: clk_100mhz rising

  Data Path: U9/SW_OK_5 to U6/M2/buffer_51
                                Gate     Net
    Cell:in->out      fanout   Delay   Delay  Logical Name (Net Name)
    ----------------------------------------  ------------
     FDE:C->Q            100   0.236   0.547  SW_OK_5 (SW_OK<5>)
     end scope: 'U9:SW_OK<5>'
     begin scope: 'U4:SW<5>'
     LUT6:I4->O            2   0.043   0.527  Mmux_Cpu_data4bus281 (Cpu_data4bus<5>)
     end scope: 'U4:Cpu_data4bus<5>'
     begin scope: 'U5:data6<5>'
     LUT6:I2->O            1   0.043   0.000  MUX1_DispData/Mmux_o_327 (MUX1_DispData/Mmux_o_327)
     MUXF7:I1->O          13   0.178   0.407  MUX1_DispData/Mmux_o_2_f7_26 (Disp_num<5>)
     end scope: 'U5:Disp_num<5>'
     begin scope: 'U6:Hexs<5>'
     INV:I->O              8   0.054   0.642  SM1/HTS6/MSEG/XLXI_3 (SM1/HTS6/MSEG/XLXN_62)
     AND3:I1->O            1   0.043   0.613  SM1/HTS6/MSEG/XLXI_35 (SM1/HTS6/MSEG/XLXN_172)
     OR3:I0->O             1   0.043   0.603  SM1/HTS6/MSEG/XLXI_36 (SM1/HTS6/MSEG/XLXN_212)
     OR2:I1->O             1   0.043   0.405  SM1/HTS6/MSEG/XLXI_51 (XLXN_390<51>)
     LUT6:I4->O            1   0.043   0.405  M2/mux11011 (M2/state[1]_GND_3_o_wide_mux_15_OUT<51>)
     LUT3:I1->O            1   0.043   0.000  M2/buffer_51_rstpot (M2/buffer_51_rstpot)
     FD:D                     -0.000          M2/buffer_51
    ----------------------------------------
    Total                      4.920ns (0.769ns logic, 4.151ns route)
                                       (15.6% logic, 84.4% route)

=========================================================================
Timing constraint: Default period analysis for Clock 'Clk_CPU'
  Clock period: 3.672ns (frequency: 272.316MHz)
  Total number of paths / destination ports: 42258 / 2937
-------------------------------------------------------------------------
Delay:               3.672ns (Levels of Logic = 5)
  Source:            U1/IF_ID/instr_out_0 (FF)
  Destination:       U1/ID_EXE/ImmGen_out_31 (FF)
  Source Clock:      Clk_CPU rising
  Destination Clock: Clk_CPU rising

  Data Path: U1/IF_ID/instr_out_0 to U1/ID_EXE/ImmGen_out_31
                                Gate     Net
    Cell:in->out      fanout   Delay   Delay  Logical Name (Net Name)
    ----------------------------------------  ------------
     FDRE:C->Q             9   0.236   0.648  U1/IF_ID/instr_out_0 (U1/IF_ID/instr_out_0)
     LUT5:I0->O           18   0.043   0.698  U1/ID/U_ctrl/ALUOp<2>31 (U1/ID/U_ctrl/ALUOp<2>3)
     LUT6:I1->O            4   0.043   0.620  U1/ID/U_ctrl/EXTOp<4> (U1/ID/EXTOp<4>)
     LUT5:I0->O           12   0.043   0.664  U1/ID/U_EXT/EXTOp[5]_GND_16_o_equal_11_o<5>11 (U1/ID/U_EXT/EXTOp[5]_GND_16_o_equal_11_o<5>1)
     LUT6:I1->O           13   0.043   0.590  U1/ID/U_EXT/EXTOp[5]_GND_16_o_equal_11_o<5>2 (U1/ID/U_EXT/EXTOp[5]_GND_16_o_equal_11_o)
     LUT6:I2->O            1   0.043   0.000  U1/ID/U_EXT/_n0095<0>1 (U1/ImmGen_ID<31>)
     FDR:D                    -0.000          U1/ID_EXE/ImmGen_out_31
    ----------------------------------------
    Total                      3.672ns (0.451ns logic, 3.221ns route)
                                       (12.3% logic, 87.7% route)

=========================================================================
Timing constraint: Default period analysis for Clock 'U8/clkdiv_6'
  Clock period: 2.221ns (frequency: 450.288MHz)
  Total number of paths / destination ports: 788 / 36
-------------------------------------------------------------------------
Delay:               2.221ns (Levels of Logic = 35)
  Source:            U10/counter0_0 (FF)
  Destination:       U10/counter0_32 (FF)
  Source Clock:      U8/clkdiv_6 rising
  Destination Clock: U8/clkdiv_6 rising

  Data Path: U10/counter0_0 to U10/counter0_32
                                Gate     Net
    Cell:in->out      fanout   Delay   Delay  Logical Name (Net Name)
    ----------------------------------------  ------------
     FDC:C->Q              4   0.236   0.367  U10/counter0_0 (U10/counter0_0)
     LUT1:I0->O            1   0.043   0.000  U10/Msub_counter0[32]_GND_66_o_sub_26_OUT_cy<0>_rt (U10/Msub_counter0[32]_GND_66_o_sub_26_OUT_cy<0>_rt)
     MUXCY:S->O            1   0.238   0.000  U10/Msub_counter0[32]_GND_66_o_sub_26_OUT_cy<0> (U10/Msub_counter0[32]_GND_66_o_sub_26_OUT_cy<0>)
     MUXCY:CI->O           1   0.013   0.000  U10/Msub_counter0[32]_GND_66_o_sub_26_OUT_cy<1> (U10/Msub_counter0[32]_GND_66_o_sub_26_OUT_cy<1>)
     MUXCY:CI->O           1   0.013   0.000  U10/Msub_counter0[32]_GND_66_o_sub_26_OUT_cy<2> (U10/Msub_counter0[32]_GND_66_o_sub_26_OUT_cy<2>)
     MUXCY:CI->O           1   0.013   0.000  U10/Msub_counter0[32]_GND_66_o_sub_26_OUT_cy<3> (U10/Msub_counter0[32]_GND_66_o_sub_26_OUT_cy<3>)
     MUXCY:CI->O           1   0.013   0.000  U10/Msub_counter0[32]_GND_66_o_sub_26_OUT_cy<4> (U10/Msub_counter0[32]_GND_66_o_sub_26_OUT_cy<4>)
     MUXCY:CI->O           1   0.013   0.000  U10/Msub_counter0[32]_GND_66_o_sub_26_OUT_cy<5> (U10/Msub_counter0[32]_GND_66_o_sub_26_OUT_cy<5>)
     MUXCY:CI->O           1   0.013   0.000  U10/Msub_counter0[32]_GND_66_o_sub_26_OUT_cy<6> (U10/Msub_counter0[32]_GND_66_o_sub_26_OUT_cy<6>)
     MUXCY:CI->O           1   0.013   0.000  U10/Msub_counter0[32]_GND_66_o_sub_26_OUT_cy<7> (U10/Msub_counter0[32]_GND_66_o_sub_26_OUT_cy<7>)
     MUXCY:CI->O           1   0.013   0.000  U10/Msub_counter0[32]_GND_66_o_sub_26_OUT_cy<8> (U10/Msub_counter0[32]_GND_66_o_sub_26_OUT_cy<8>)
     MUXCY:CI->O           1   0.013   0.000  U10/Msub_counter0[32]_GND_66_o_sub_26_OUT_cy<9> (U10/Msub_counter0[32]_GND_66_o_sub_26_OUT_cy<9>)
     MUXCY:CI->O           1   0.013   0.000  U10/Msub_counter0[32]_GND_66_o_sub_26_OUT_cy<10> (U10/Msub_counter0[32]_GND_66_o_sub_26_OUT_cy<10>)
     MUXCY:CI->O           1   0.013   0.000  U10/Msub_counter0[32]_GND_66_o_sub_26_OUT_cy<11> (U10/Msub_counter0[32]_GND_66_o_sub_26_OUT_cy<11>)
     MUXCY:CI->O           1   0.013   0.000  U10/Msub_counter0[32]_GND_66_o_sub_26_OUT_cy<12> (U10/Msub_counter0[32]_GND_66_o_sub_26_OUT_cy<12>)
     MUXCY:CI->O           1   0.013   0.000  U10/Msub_counter0[32]_GND_66_o_sub_26_OUT_cy<13> (U10/Msub_counter0[32]_GND_66_o_sub_26_OUT_cy<13>)
     MUXCY:CI->O           1   0.013   0.000  U10/Msub_counter0[32]_GND_66_o_sub_26_OUT_cy<14> (U10/Msub_counter0[32]_GND_66_o_sub_26_OUT_cy<14>)
     MUXCY:CI->O           1   0.013   0.000  U10/Msub_counter0[32]_GND_66_o_sub_26_OUT_cy<15> (U10/Msub_counter0[32]_GND_66_o_sub_26_OUT_cy<15>)
     MUXCY:CI->O           1   0.013   0.000  U10/Msub_counter0[32]_GND_66_o_sub_26_OUT_cy<16> (U10/Msub_counter0[32]_GND_66_o_sub_26_OUT_cy<16>)
     MUXCY:CI->O           1   0.013   0.000  U10/Msub_counter0[32]_GND_66_o_sub_26_OUT_cy<17> (U10/Msub_counter0[32]_GND_66_o_sub_26_OUT_cy<17>)
     MUXCY:CI->O           1   0.013   0.000  U10/Msub_counter0[32]_GND_66_o_sub_26_OUT_cy<18> (U10/Msub_counter0[32]_GND_66_o_sub_26_OUT_cy<18>)
     MUXCY:CI->O           1   0.013   0.000  U10/Msub_counter0[32]_GND_66_o_sub_26_OUT_cy<19> (U10/Msub_counter0[32]_GND_66_o_sub_26_OUT_cy<19>)
     MUXCY:CI->O           1   0.013   0.000  U10/Msub_counter0[32]_GND_66_o_sub_26_OUT_cy<20> (U10/Msub_counter0[32]_GND_66_o_sub_26_OUT_cy<20>)
     MUXCY:CI->O           1   0.013   0.000  U10/Msub_counter0[32]_GND_66_o_sub_26_OUT_cy<21> (U10/Msub_counter0[32]_GND_66_o_sub_26_OUT_cy<21>)
     MUXCY:CI->O           1   0.013   0.000  U10/Msub_counter0[32]_GND_66_o_sub_26_OUT_cy<22> (U10/Msub_counter0[32]_GND_66_o_sub_26_OUT_cy<22>)
     MUXCY:CI->O           1   0.013   0.000  U10/Msub_counter0[32]_GND_66_o_sub_26_OUT_cy<23> (U10/Msub_counter0[32]_GND_66_o_sub_26_OUT_cy<23>)
     MUXCY:CI->O           1   0.013   0.000  U10/Msub_counter0[32]_GND_66_o_sub_26_OUT_cy<24> (U10/Msub_counter0[32]_GND_66_o_sub_26_OUT_cy<24>)
     MUXCY:CI->O           1   0.013   0.000  U10/Msub_counter0[32]_GND_66_o_sub_26_OUT_cy<25> (U10/Msub_counter0[32]_GND_66_o_sub_26_OUT_cy<25>)
     MUXCY:CI->O           1   0.013   0.000  U10/Msub_counter0[32]_GND_66_o_sub_26_OUT_cy<26> (U10/Msub_counter0[32]_GND_66_o_sub_26_OUT_cy<26>)
     MUXCY:CI->O           1   0.013   0.000  U10/Msub_counter0[32]_GND_66_o_sub_26_OUT_cy<27> (U10/Msub_counter0[32]_GND_66_o_sub_26_OUT_cy<27>)
     MUXCY:CI->O           1   0.013   0.000  U10/Msub_counter0[32]_GND_66_o_sub_26_OUT_cy<28> (U10/Msub_counter0[32]_GND_66_o_sub_26_OUT_cy<28>)
     MUXCY:CI->O           1   0.013   0.000  U10/Msub_counter0[32]_GND_66_o_sub_26_OUT_cy<29> (U10/Msub_counter0[32]_GND_66_o_sub_26_OUT_cy<29>)
     MUXCY:CI->O           1   0.013   0.000  U10/Msub_counter0[32]_GND_66_o_sub_26_OUT_cy<30> (U10/Msub_counter0[32]_GND_66_o_sub_26_OUT_cy<30>)
     MUXCY:CI->O           0   0.013   0.000  U10/Msub_counter0[32]_GND_66_o_sub_26_OUT_cy<31> (U10/Msub_counter0[32]_GND_66_o_sub_26_OUT_cy<31>)
     XORCY:CI->O           1   0.262   0.613  U10/Msub_counter0[32]_GND_66_o_sub_26_OUT_xor<32> (U10/counter0[32]_GND_66_o_sub_26_OUT<32>)
     LUT6:I0->O            1   0.043   0.000  U10/Mmux_counter_Ctrl[2]_counter0[32]_wide_mux_26_OUT262 (U10/counter_Ctrl[2]_counter0[32]_wide_mux_26_OUT<32>)
     FDC:D                    -0.000          U10/counter0_32
    ----------------------------------------
    Total                      2.221ns (1.240ns logic, 0.980ns route)
                                       (55.9% logic, 44.1% route)

=========================================================================
Timing constraint: Default period analysis for Clock 'Clk_CPU_INV_280_o'
  Clock period: 2.647ns (frequency: 377.808MHz)
  Total number of paths / destination ports: 383 / 80
-------------------------------------------------------------------------
Delay:               1.323ns (Levels of Logic = 2)
  Source:            U7/counter_set_1 (FF)
  Destination:       U10/counter_Ctrl_2 (FF)
  Source Clock:      Clk_CPU_INV_280_o falling
  Destination Clock: Clk_CPU_INV_280_o rising

  Data Path: U7/counter_set_1 to U10/counter_Ctrl_2
                                Gate     Net
    Cell:in->out      fanout   Delay   Delay  Logical Name (Net Name)
    ----------------------------------------  ------------
     FDCE_1:C->Q          34   0.240   0.535  counter_set_1 (counter_set<1>)
     end scope: 'U7:counter_set<1>'
     LUT3:I1->O            2   0.043   0.344  U10/_n0103_inv1 (U10/_n0103_inv)
     FDCE:CE                   0.161          U10/counter_Ctrl_1
    ----------------------------------------
    Total                      1.323ns (0.444ns logic, 0.879ns route)
                                       (33.5% logic, 66.5% route)

=========================================================================
Timing constraint: Default period analysis for Clock 'U9/clk1'
  Clock period: 2.152ns (frequency: 464.587MHz)
  Total number of paths / destination ports: 1454 / 90
-------------------------------------------------------------------------
Delay:               2.152ns (Levels of Logic = 7)
  Source:            U9/counter_8 (FF)
  Destination:       U9/Key_x_0 (FF)
  Source Clock:      U9/clk1 rising
  Destination Clock: U9/clk1 rising

  Data Path: U9/counter_8 to U9/Key_x_0
                                Gate     Net
    Cell:in->out      fanout   Delay   Delay  Logical Name (Net Name)
    ----------------------------------------  ------------
     FDRE:C->Q             3   0.236   0.615  counter_8 (counter<8>)
     LUT5:I0->O            1   0.043   0.000  Mcompar_counter[31]_GND_1_o_LessThan_5_o_lut<0> (Mcompar_counter[31]_GND_1_o_LessThan_5_o_lut<0>)
     MUXCY:S->O            1   0.238   0.000  Mcompar_counter[31]_GND_1_o_LessThan_5_o_cy<0> (Mcompar_counter[31]_GND_1_o_LessThan_5_o_cy<0>)
     MUXCY:CI->O           1   0.013   0.000  Mcompar_counter[31]_GND_1_o_LessThan_5_o_cy<1> (Mcompar_counter[31]_GND_1_o_LessThan_5_o_cy<1>)
     MUXCY:CI->O           1   0.013   0.000  Mcompar_counter[31]_GND_1_o_LessThan_5_o_cy<2> (Mcompar_counter[31]_GND_1_o_LessThan_5_o_cy<2>)
     MUXCY:CI->O           1   0.013   0.000  Mcompar_counter[31]_GND_1_o_LessThan_5_o_cy<3> (Mcompar_counter[31]_GND_1_o_LessThan_5_o_cy<3>)
     MUXCY:CI->O           8   0.013   0.378  Mcompar_counter[31]_GND_1_o_LessThan_5_o_cy<4> (Mcompar_counter[31]_GND_1_o_LessThan_5_o_cy<4>)
     INV:I->O              7   0.054   0.373  _n0225_inv1_cepot_INV_0 (_n0225_inv1_cepot)
     FDE:CE                    0.161          Key_x_0
    ----------------------------------------
    Total                      2.152ns (0.786ns logic, 1.366ns route)
                                       (36.5% logic, 63.5% route)

=========================================================================
Timing constraint: Default period analysis for Clock 'M4/push'
  Clock period: 1.069ns (frequency: 935.060MHz)
  Total number of paths / destination ports: 6 / 3
-------------------------------------------------------------------------
Delay:               1.069ns (Levels of Logic = 1)
  Source:            M4/state_0 (FF)
  Destination:       M4/state_0 (FF)
  Source Clock:      M4/push rising
  Destination Clock: M4/push rising

  Data Path: M4/state_0 to M4/state_0
                                Gate     Net
    Cell:in->out      fanout   Delay   Delay  Logical Name (Net Name)
    ----------------------------------------  ------------
     FDE:C->Q             19   0.236   0.440  state_0 (state<0>)
     INV:I->O              1   0.054   0.339  Result<0>1_INV_0 (Result<0>)
     FDE:D                    -0.000          state_0
    ----------------------------------------
    Total                      1.069ns (0.290ns logic, 0.779ns route)
                                       (27.1% logic, 72.9% route)

=========================================================================
Timing constraint: Default OFFSET IN BEFORE for Clock 'clk_100mhz'
  Total number of paths / destination ports: 1195 / 100
-------------------------------------------------------------------------
Offset:              2.089ns (Levels of Logic = 10)
  Source:            SW<2> (PAD)
  Destination:       U9/SW_OK_0 (FF)
  Destination Clock: clk_100mhz rising

  Data Path: SW<2> to U9/SW_OK_0
                                Gate     Net
    Cell:in->out      fanout   Delay   Delay  Logical Name (Net Name)
    ----------------------------------------  ------------
     IBUF:I->O             3   0.000   0.625  SW_2_IBUF (SW_2_IBUF)
     begin scope: 'U9:SW<2>'
     LUT6:I0->O            1   0.043   0.000  Mcompar_sw_temp[15]_SW[15]_not_equal_100_o_lut<0> (Mcompar_sw_temp[15]_SW[15]_not_equal_100_o_lut<0>)
     MUXCY:S->O            1   0.238   0.000  Mcompar_sw_temp[15]_SW[15]_not_equal_100_o_cy<0> (Mcompar_sw_temp[15]_SW[15]_not_equal_100_o_cy<0>)
     MUXCY:CI->O           1   0.013   0.000  Mcompar_sw_temp[15]_SW[15]_not_equal_100_o_cy<1> (Mcompar_sw_temp[15]_SW[15]_not_equal_100_o_cy<1>)
     MUXCY:CI->O           1   0.013   0.000  Mcompar_sw_temp[15]_SW[15]_not_equal_100_o_cy<2> (Mcompar_sw_temp[15]_SW[15]_not_equal_100_o_cy<2>)
     MUXCY:CI->O           1   0.013   0.000  Mcompar_sw_temp[15]_SW[15]_not_equal_100_o_cy<3> (Mcompar_sw_temp[15]_SW[15]_not_equal_100_o_cy<3>)
     MUXCY:CI->O           1   0.013   0.000  Mcompar_sw_temp[15]_SW[15]_not_equal_100_o_cy<4> (Mcompar_sw_temp[15]_SW[15]_not_equal_100_o_cy<4>)
     MUXCY:CI->O          43   0.013   0.471  Mcompar_sw_temp[15]_SW[15]_not_equal_100_o_cy<5> (sw_temp[15]_SW[15]_not_equal_100_o)
     INV:I->O             17   0.054   0.429  _n0243_inv1_cepot_cepot_INV_0 (_n0243_inv1_cepot_cepot)
     FDE:CE                    0.161          SW_OK_0
    ----------------------------------------
    Total                      2.089ns (0.563ns logic, 1.525ns route)
                                       (27.0% logic, 73.0% route)

=========================================================================
Timing constraint: Default OFFSET IN BEFORE for Clock 'U9/clk1'
  Total number of paths / destination ports: 176 / 41
-------------------------------------------------------------------------
Offset:              2.109ns (Levels of Logic = 6)
  Source:            BTN_y<3> (PAD)
  Destination:       U9/Key_x_1 (FF)
  Destination Clock: U9/clk1 rising

  Data Path: BTN_y<3> to U9/Key_x_1
                                Gate     Net
    Cell:in->out      fanout   Delay   Delay  Logical Name (Net Name)
    ----------------------------------------  ------------
     IBUF:I->O             6   0.000   0.550  BTN_y_3_IBUF (BTN_y_3_IBUF)
     begin scope: 'U9:Key_y<3>'
     LUT4:I0->O           12   0.043   0.674  out1 (n0016)
     LUT6:I0->O            3   0.043   0.362  _n0295<0>1 (_n0295<0>)
     LUT6:I5->O            1   0.043   0.350  Key_x[4]_PWR_1_o_select_74_OUT<1>1 (Key_x[4]_PWR_1_o_select_74_OUT<4>)
     LUT3:I2->O            1   0.043   0.000  Key_x_4_dpot (Key_x_4_dpot)
     FDE:D                    -0.000          Key_x_4
    ----------------------------------------
    Total                      2.109ns (0.172ns logic, 1.937ns route)
                                       (8.2% logic, 91.8% route)

=========================================================================
Timing constraint: Default OFFSET OUT AFTER for Clock 'U9/clk1'
  Total number of paths / destination ports: 6 / 6
-------------------------------------------------------------------------
Offset:              0.658ns (Levels of Logic = 2)
  Source:            U9/Key_x_4 (FF)
  Destination:       BTN_x<4> (PAD)
  Source Clock:      U9/clk1 rising

  Data Path: U9/Key_x_4 to BTN_x<4>
                                Gate     Net
    Cell:in->out      fanout   Delay   Delay  Logical Name (Net Name)
    ----------------------------------------  ------------
     FDE:C->Q             16   0.236   0.422  Key_x_4 (Key_x<4>)
     end scope: 'U9:Key_x<4>'
     OBUF:I->O                 0.000          BTN_x_4_OBUF (BTN_x<4>)
    ----------------------------------------
    Total                      0.658ns (0.236ns logic, 0.422ns route)
                                       (35.8% logic, 64.2% route)

=========================================================================
Timing constraint: Default OFFSET OUT AFTER for Clock 'clk_100mhz'
  Total number of paths / destination ports: 5 / 5
-------------------------------------------------------------------------
Offset:              0.625ns (Levels of Logic = 2)
  Source:            U6/M2/s_clk (FF)
  Destination:       seg_clk (PAD)
  Source Clock:      clk_100mhz rising

  Data Path: U6/M2/s_clk to seg_clk
                                Gate     Net
    Cell:in->out      fanout   Delay   Delay  Logical Name (Net Name)
    ----------------------------------------  ------------
     FDC:C->Q             10   0.236   0.389  M2/s_clk (seg_clk)
     end scope: 'U6:seg_clk'
     OBUF:I->O                 0.000          seg_clk_OBUF (seg_clk)
    ----------------------------------------
    Total                      0.625ns (0.236ns logic, 0.389ns route)
                                       (37.7% logic, 62.3% route)

=========================================================================
Timing constraint: Default OFFSET OUT AFTER for Clock 'Clk_CPU_INV_280_o'
  Total number of paths / destination ports: 3 / 3
-------------------------------------------------------------------------
Offset:              0.592ns (Levels of Logic = 2)
  Source:            U7/P2S_led/s_clk (FF)
  Destination:       led_clk (PAD)
  Source Clock:      Clk_CPU_INV_280_o rising

  Data Path: U7/P2S_led/s_clk to led_clk
                                Gate     Net
    Cell:in->out      fanout   Delay   Delay  Logical Name (Net Name)
    ----------------------------------------  ------------
     FDC:C->Q              4   0.236   0.356  P2S_led/s_clk (led_clk)
     end scope: 'U7:led_clk'
     OBUF:I->O                 0.000          led_clk_OBUF (led_clk)
    ----------------------------------------
    Total                      0.592ns (0.236ns logic, 0.356ns route)
                                       (39.9% logic, 60.1% route)

=========================================================================

Cross Clock Domains Report:
--------------------------

Clock to Setup on destination clock Clk_CPU
---------------------------------------+---------+---------+---------+---------+
                                       | Src:Rise| Src:Fall| Src:Rise| Src:Fall|
Source Clock                           |Dest:Rise|Dest:Rise|Dest:Fall|Dest:Fall|
---------------------------------------+---------+---------+---------+---------+
Clk_CPU                                |    3.672|    1.830|    1.680|         |
Clk_CPU_INV_280_o                      |         |    0.693|         |         |
U1/EXE/U_ALU/ALUOp[4]_GND_24_o_Mux_18_o|         |    5.658|         |         |
U8/clkdiv_6                            |    0.824|         |         |         |
clk_100mhz                             |    0.828|         |    1.662|         |
---------------------------------------+---------+---------+---------+---------+

Clock to Setup on destination clock Clk_CPU_INV_280_o
-----------------+---------+---------+---------+---------+
                 | Src:Rise| Src:Fall| Src:Rise| Src:Fall|
Source Clock     |Dest:Rise|Dest:Rise|Dest:Fall|Dest:Fall|
-----------------+---------+---------+---------+---------+
Clk_CPU          |    2.122|         |    2.015|         |
Clk_CPU_INV_280_o|    1.876|    1.323|         |         |
U8/clkdiv_6      |    0.806|         |         |         |
clk_100mhz       |    1.717|         |    1.498|         |
-----------------+---------+---------+---------+---------+

Clock to Setup on destination clock M4/push
---------------+---------+---------+---------+---------+
               | Src:Rise| Src:Fall| Src:Rise| Src:Fall|
Source Clock   |Dest:Rise|Dest:Rise|Dest:Fall|Dest:Fall|
---------------+---------+---------+---------+---------+
M4/push        |    1.069|         |         |         |
U9/clk1        |    0.818|         |         |         |
clk_100mhz     |    1.340|         |         |         |
---------------+---------+---------+---------+---------+

Clock to Setup on destination clock U1/EXE/U_ALU/ALUOp[4]_GND_24_o_Mux_18_o
---------------+---------+---------+---------+---------+
               | Src:Rise| Src:Fall| Src:Rise| Src:Fall|
Source Clock   |Dest:Rise|Dest:Rise|Dest:Fall|Dest:Fall|
---------------+---------+---------+---------+---------+
Clk_CPU        |         |         |    8.235|         |
---------------+---------+---------+---------+---------+

Clock to Setup on destination clock U8/clkdiv_6
-----------------+---------+---------+---------+---------+
                 | Src:Rise| Src:Fall| Src:Rise| Src:Fall|
Source Clock     |Dest:Rise|Dest:Rise|Dest:Fall|Dest:Fall|
-----------------+---------+---------+---------+---------+
Clk_CPU_INV_280_o|    2.079|         |         |         |
U8/clkdiv_6      |    2.221|         |         |         |
clk_100mhz       |    1.619|         |         |         |
-----------------+---------+---------+---------+---------+

Clock to Setup on destination clock U9/clk1
---------------+---------+---------+---------+---------+
               | Src:Rise| Src:Fall| Src:Rise| Src:Fall|
Source Clock   |Dest:Rise|Dest:Rise|Dest:Fall|Dest:Fall|
---------------+---------+---------+---------+---------+
U9/clk1        |    2.152|         |         |         |
clk_100mhz     |    1.292|         |         |         |
---------------+---------+---------+---------+---------+

Clock to Setup on destination clock clk_100mhz
-----------------+---------+---------+---------+---------+
                 | Src:Rise| Src:Fall| Src:Rise| Src:Fall|
Source Clock     |Dest:Rise|Dest:Rise|Dest:Fall|Dest:Fall|
-----------------+---------+---------+---------+---------+
Clk_CPU          |    6.256|         |    1.823|         |
Clk_CPU_INV_280_o|    4.153|    4.790|         |         |
M4/push          |    1.928|         |         |         |
U8/clkdiv_6      |    4.915|         |         |         |
U9/clk1          |    1.100|         |         |         |
clk_100mhz       |    4.920|         |         |         |
-----------------+---------+---------+---------+---------+

=========================================================================


Total REAL time to Xst completion: 28.00 secs
Total CPU time to Xst completion: 28.70 secs
 
--> 

Total memory usage is 4638972 kilobytes

Number of errors   :    0 (   0 filtered)
Number of warnings :  109 (   0 filtered)
Number of infos    :   17 (   0 filtered)

